[2023-03-17T23:29:38.673+0000] {processor.py:153} INFO - Started process (PID=1992) to work on /opt/airflow/dags/get_teams.py
[2023-03-17T23:29:38.675+0000] {processor.py:743} INFO - Processing file /opt/airflow/dags/get_teams.py for tasks to queue
[2023-03-17T23:29:38.676+0000] {logging_mixin.py:137} INFO - [2023-03-17T23:29:38.676+0000] {dagbag.py:532} INFO - Filling up the DagBag from /opt/airflow/dags/get_teams.py
[2023-03-17T23:29:38.931+0000] {processor.py:753} INFO - DAG(s) dict_keys(['json_to_s3_dag']) retrieved from /opt/airflow/dags/get_teams.py
[2023-03-17T23:29:39.046+0000] {logging_mixin.py:137} INFO - [2023-03-17T23:29:39.046+0000] {manager.py:504} INFO - Created Permission View: can delete on DAG:json_to_s3_dag
[2023-03-17T23:29:39.052+0000] {logging_mixin.py:137} INFO - [2023-03-17T23:29:39.052+0000] {manager.py:504} INFO - Created Permission View: can edit on DAG:json_to_s3_dag
[2023-03-17T23:29:39.056+0000] {logging_mixin.py:137} INFO - [2023-03-17T23:29:39.056+0000] {manager.py:504} INFO - Created Permission View: can read on DAG:json_to_s3_dag
[2023-03-17T23:29:39.056+0000] {logging_mixin.py:137} INFO - [2023-03-17T23:29:39.056+0000] {dag.py:2693} INFO - Sync 1 DAGs
[2023-03-17T23:29:39.066+0000] {logging_mixin.py:137} INFO - [2023-03-17T23:29:39.066+0000] {dag.py:2714} INFO - Creating ORM DAG for json_to_s3_dag
[2023-03-17T23:29:39.075+0000] {logging_mixin.py:137} INFO - [2023-03-17T23:29:39.075+0000] {dag.py:3444} INFO - Setting next_dagrun for json_to_s3_dag to None, run_after=None
[2023-03-17T23:29:39.086+0000] {processor.py:175} INFO - Processing /opt/airflow/dags/get_teams.py took 0.420 seconds
[2023-03-17T23:30:09.348+0000] {processor.py:153} INFO - Started process (PID=2042) to work on /opt/airflow/dags/get_teams.py
[2023-03-17T23:30:09.351+0000] {processor.py:743} INFO - Processing file /opt/airflow/dags/get_teams.py for tasks to queue
[2023-03-17T23:30:09.353+0000] {logging_mixin.py:137} INFO - [2023-03-17T23:30:09.353+0000] {dagbag.py:532} INFO - Filling up the DagBag from /opt/airflow/dags/get_teams.py
[2023-03-17T23:30:09.450+0000] {processor.py:753} INFO - DAG(s) dict_keys(['json_to_s3_dag']) retrieved from /opt/airflow/dags/get_teams.py
[2023-03-17T23:30:09.480+0000] {logging_mixin.py:137} INFO - [2023-03-17T23:30:09.480+0000] {dag.py:2693} INFO - Sync 1 DAGs
[2023-03-17T23:30:09.500+0000] {logging_mixin.py:137} INFO - [2023-03-17T23:30:09.500+0000] {dag.py:3444} INFO - Setting next_dagrun for json_to_s3_dag to None, run_after=None
[2023-03-17T23:30:09.524+0000] {processor.py:175} INFO - Processing /opt/airflow/dags/get_teams.py took 0.191 seconds
[2023-03-17T23:30:39.830+0000] {processor.py:153} INFO - Started process (PID=2092) to work on /opt/airflow/dags/get_teams.py
[2023-03-17T23:30:39.832+0000] {processor.py:743} INFO - Processing file /opt/airflow/dags/get_teams.py for tasks to queue
[2023-03-17T23:30:39.833+0000] {logging_mixin.py:137} INFO - [2023-03-17T23:30:39.833+0000] {dagbag.py:532} INFO - Filling up the DagBag from /opt/airflow/dags/get_teams.py
[2023-03-17T23:30:39.939+0000] {processor.py:753} INFO - DAG(s) dict_keys(['json_to_s3_dag']) retrieved from /opt/airflow/dags/get_teams.py
[2023-03-17T23:30:39.963+0000] {logging_mixin.py:137} INFO - [2023-03-17T23:30:39.963+0000] {dag.py:2693} INFO - Sync 1 DAGs
[2023-03-17T23:30:39.984+0000] {logging_mixin.py:137} INFO - [2023-03-17T23:30:39.984+0000] {dag.py:3444} INFO - Setting next_dagrun for json_to_s3_dag to None, run_after=None
[2023-03-17T23:30:40.004+0000] {processor.py:175} INFO - Processing /opt/airflow/dags/get_teams.py took 0.177 seconds
[2023-03-17T23:31:10.461+0000] {processor.py:153} INFO - Started process (PID=2142) to work on /opt/airflow/dags/get_teams.py
[2023-03-17T23:31:10.463+0000] {processor.py:743} INFO - Processing file /opt/airflow/dags/get_teams.py for tasks to queue
[2023-03-17T23:31:10.464+0000] {logging_mixin.py:137} INFO - [2023-03-17T23:31:10.464+0000] {dagbag.py:532} INFO - Filling up the DagBag from /opt/airflow/dags/get_teams.py
[2023-03-17T23:31:10.560+0000] {processor.py:753} INFO - DAG(s) dict_keys(['json_to_s3_dag']) retrieved from /opt/airflow/dags/get_teams.py
[2023-03-17T23:31:10.588+0000] {logging_mixin.py:137} INFO - [2023-03-17T23:31:10.588+0000] {dag.py:2693} INFO - Sync 1 DAGs
[2023-03-17T23:31:10.610+0000] {logging_mixin.py:137} INFO - [2023-03-17T23:31:10.610+0000] {dag.py:3444} INFO - Setting next_dagrun for json_to_s3_dag to None, run_after=None
[2023-03-17T23:31:10.622+0000] {processor.py:175} INFO - Processing /opt/airflow/dags/get_teams.py took 0.165 seconds
[2023-03-17T23:31:40.877+0000] {processor.py:153} INFO - Started process (PID=2192) to work on /opt/airflow/dags/get_teams.py
[2023-03-17T23:31:40.879+0000] {processor.py:743} INFO - Processing file /opt/airflow/dags/get_teams.py for tasks to queue
[2023-03-17T23:31:40.880+0000] {logging_mixin.py:137} INFO - [2023-03-17T23:31:40.880+0000] {dagbag.py:532} INFO - Filling up the DagBag from /opt/airflow/dags/get_teams.py
[2023-03-17T23:31:41.007+0000] {processor.py:753} INFO - DAG(s) dict_keys(['json_to_s3_dag']) retrieved from /opt/airflow/dags/get_teams.py
[2023-03-17T23:31:41.052+0000] {logging_mixin.py:137} INFO - [2023-03-17T23:31:41.052+0000] {dag.py:2693} INFO - Sync 1 DAGs
[2023-03-17T23:31:41.077+0000] {logging_mixin.py:137} INFO - [2023-03-17T23:31:41.077+0000] {dag.py:3444} INFO - Setting next_dagrun for json_to_s3_dag to None, run_after=None
[2023-03-17T23:31:41.095+0000] {processor.py:175} INFO - Processing /opt/airflow/dags/get_teams.py took 0.223 seconds
[2023-03-17T23:32:11.482+0000] {processor.py:153} INFO - Started process (PID=2242) to work on /opt/airflow/dags/get_teams.py
[2023-03-17T23:32:11.484+0000] {processor.py:743} INFO - Processing file /opt/airflow/dags/get_teams.py for tasks to queue
[2023-03-17T23:32:11.485+0000] {logging_mixin.py:137} INFO - [2023-03-17T23:32:11.485+0000] {dagbag.py:532} INFO - Filling up the DagBag from /opt/airflow/dags/get_teams.py
[2023-03-17T23:32:11.603+0000] {processor.py:753} INFO - DAG(s) dict_keys(['json_to_s3_dag']) retrieved from /opt/airflow/dags/get_teams.py
[2023-03-17T23:32:11.644+0000] {logging_mixin.py:137} INFO - [2023-03-17T23:32:11.644+0000] {dag.py:2693} INFO - Sync 1 DAGs
[2023-03-17T23:32:11.675+0000] {logging_mixin.py:137} INFO - [2023-03-17T23:32:11.675+0000] {dag.py:3444} INFO - Setting next_dagrun for json_to_s3_dag to None, run_after=None
[2023-03-17T23:32:11.691+0000] {processor.py:175} INFO - Processing /opt/airflow/dags/get_teams.py took 0.216 seconds
[2023-03-17T23:32:41.935+0000] {processor.py:153} INFO - Started process (PID=2293) to work on /opt/airflow/dags/get_teams.py
[2023-03-17T23:32:41.938+0000] {processor.py:743} INFO - Processing file /opt/airflow/dags/get_teams.py for tasks to queue
[2023-03-17T23:32:41.940+0000] {logging_mixin.py:137} INFO - [2023-03-17T23:32:41.940+0000] {dagbag.py:532} INFO - Filling up the DagBag from /opt/airflow/dags/get_teams.py
[2023-03-17T23:32:42.075+0000] {processor.py:753} INFO - DAG(s) dict_keys(['json_to_s3_dag']) retrieved from /opt/airflow/dags/get_teams.py
[2023-03-17T23:32:42.108+0000] {logging_mixin.py:137} INFO - [2023-03-17T23:32:42.108+0000] {dag.py:2693} INFO - Sync 1 DAGs
[2023-03-17T23:32:42.133+0000] {logging_mixin.py:137} INFO - [2023-03-17T23:32:42.133+0000] {dag.py:3444} INFO - Setting next_dagrun for json_to_s3_dag to None, run_after=None
[2023-03-17T23:32:42.149+0000] {processor.py:175} INFO - Processing /opt/airflow/dags/get_teams.py took 0.220 seconds
[2023-03-17T23:33:12.616+0000] {processor.py:153} INFO - Started process (PID=2343) to work on /opt/airflow/dags/get_teams.py
[2023-03-17T23:33:12.618+0000] {processor.py:743} INFO - Processing file /opt/airflow/dags/get_teams.py for tasks to queue
[2023-03-17T23:33:12.619+0000] {logging_mixin.py:137} INFO - [2023-03-17T23:33:12.619+0000] {dagbag.py:532} INFO - Filling up the DagBag from /opt/airflow/dags/get_teams.py
[2023-03-17T23:33:12.720+0000] {processor.py:753} INFO - DAG(s) dict_keys(['json_to_s3_dag']) retrieved from /opt/airflow/dags/get_teams.py
[2023-03-17T23:33:12.748+0000] {logging_mixin.py:137} INFO - [2023-03-17T23:33:12.748+0000] {dag.py:2693} INFO - Sync 1 DAGs
[2023-03-17T23:33:12.774+0000] {logging_mixin.py:137} INFO - [2023-03-17T23:33:12.774+0000] {dag.py:3444} INFO - Setting next_dagrun for json_to_s3_dag to None, run_after=None
[2023-03-17T23:33:12.787+0000] {processor.py:175} INFO - Processing /opt/airflow/dags/get_teams.py took 0.177 seconds
[2023-03-17T23:33:43.211+0000] {processor.py:153} INFO - Started process (PID=2393) to work on /opt/airflow/dags/get_teams.py
[2023-03-17T23:33:43.214+0000] {processor.py:743} INFO - Processing file /opt/airflow/dags/get_teams.py for tasks to queue
[2023-03-17T23:33:43.215+0000] {logging_mixin.py:137} INFO - [2023-03-17T23:33:43.215+0000] {dagbag.py:532} INFO - Filling up the DagBag from /opt/airflow/dags/get_teams.py
[2023-03-17T23:33:43.321+0000] {processor.py:753} INFO - DAG(s) dict_keys(['json_to_s3_dag']) retrieved from /opt/airflow/dags/get_teams.py
[2023-03-17T23:33:43.348+0000] {logging_mixin.py:137} INFO - [2023-03-17T23:33:43.348+0000] {dag.py:2693} INFO - Sync 1 DAGs
[2023-03-17T23:33:43.368+0000] {logging_mixin.py:137} INFO - [2023-03-17T23:33:43.368+0000] {dag.py:3444} INFO - Setting next_dagrun for json_to_s3_dag to None, run_after=None
[2023-03-17T23:33:43.381+0000] {processor.py:175} INFO - Processing /opt/airflow/dags/get_teams.py took 0.176 seconds
[2023-03-17T23:34:13.799+0000] {processor.py:153} INFO - Started process (PID=2443) to work on /opt/airflow/dags/get_teams.py
[2023-03-17T23:34:13.802+0000] {processor.py:743} INFO - Processing file /opt/airflow/dags/get_teams.py for tasks to queue
[2023-03-17T23:34:13.804+0000] {logging_mixin.py:137} INFO - [2023-03-17T23:34:13.804+0000] {dagbag.py:532} INFO - Filling up the DagBag from /opt/airflow/dags/get_teams.py
[2023-03-17T23:34:13.914+0000] {processor.py:753} INFO - DAG(s) dict_keys(['json_to_s3_dag']) retrieved from /opt/airflow/dags/get_teams.py
[2023-03-17T23:34:13.942+0000] {logging_mixin.py:137} INFO - [2023-03-17T23:34:13.942+0000] {dag.py:2693} INFO - Sync 1 DAGs
[2023-03-17T23:34:13.964+0000] {logging_mixin.py:137} INFO - [2023-03-17T23:34:13.964+0000] {dag.py:3444} INFO - Setting next_dagrun for json_to_s3_dag to None, run_after=None
[2023-03-17T23:34:13.977+0000] {processor.py:175} INFO - Processing /opt/airflow/dags/get_teams.py took 0.183 seconds
[2023-03-17T23:34:44.396+0000] {processor.py:153} INFO - Started process (PID=2492) to work on /opt/airflow/dags/get_teams.py
[2023-03-17T23:34:44.399+0000] {processor.py:743} INFO - Processing file /opt/airflow/dags/get_teams.py for tasks to queue
[2023-03-17T23:34:44.400+0000] {logging_mixin.py:137} INFO - [2023-03-17T23:34:44.400+0000] {dagbag.py:532} INFO - Filling up the DagBag from /opt/airflow/dags/get_teams.py
[2023-03-17T23:34:44.488+0000] {processor.py:753} INFO - DAG(s) dict_keys(['json_to_s3_dag']) retrieved from /opt/airflow/dags/get_teams.py
[2023-03-17T23:34:44.506+0000] {logging_mixin.py:137} INFO - [2023-03-17T23:34:44.506+0000] {dag.py:2693} INFO - Sync 1 DAGs
[2023-03-17T23:34:44.521+0000] {logging_mixin.py:137} INFO - [2023-03-17T23:34:44.521+0000] {dag.py:3444} INFO - Setting next_dagrun for json_to_s3_dag to None, run_after=None
[2023-03-17T23:34:44.531+0000] {processor.py:175} INFO - Processing /opt/airflow/dags/get_teams.py took 0.141 seconds
[2023-03-17T23:35:15.078+0000] {processor.py:153} INFO - Started process (PID=2541) to work on /opt/airflow/dags/get_teams.py
[2023-03-17T23:35:15.080+0000] {processor.py:743} INFO - Processing file /opt/airflow/dags/get_teams.py for tasks to queue
[2023-03-17T23:35:15.081+0000] {logging_mixin.py:137} INFO - [2023-03-17T23:35:15.081+0000] {dagbag.py:532} INFO - Filling up the DagBag from /opt/airflow/dags/get_teams.py
[2023-03-17T23:35:15.188+0000] {processor.py:753} INFO - DAG(s) dict_keys(['json_to_s3_dag']) retrieved from /opt/airflow/dags/get_teams.py
[2023-03-17T23:35:15.213+0000] {logging_mixin.py:137} INFO - [2023-03-17T23:35:15.213+0000] {dag.py:2693} INFO - Sync 1 DAGs
[2023-03-17T23:35:15.234+0000] {logging_mixin.py:137} INFO - [2023-03-17T23:35:15.234+0000] {dag.py:3444} INFO - Setting next_dagrun for json_to_s3_dag to None, run_after=None
[2023-03-17T23:35:15.249+0000] {processor.py:175} INFO - Processing /opt/airflow/dags/get_teams.py took 0.178 seconds
[2023-03-17T23:35:45.595+0000] {processor.py:153} INFO - Started process (PID=2591) to work on /opt/airflow/dags/get_teams.py
[2023-03-17T23:35:45.598+0000] {processor.py:743} INFO - Processing file /opt/airflow/dags/get_teams.py for tasks to queue
[2023-03-17T23:35:45.600+0000] {logging_mixin.py:137} INFO - [2023-03-17T23:35:45.599+0000] {dagbag.py:532} INFO - Filling up the DagBag from /opt/airflow/dags/get_teams.py
[2023-03-17T23:35:45.695+0000] {processor.py:753} INFO - DAG(s) dict_keys(['json_to_s3_dag']) retrieved from /opt/airflow/dags/get_teams.py
[2023-03-17T23:35:45.715+0000] {logging_mixin.py:137} INFO - [2023-03-17T23:35:45.715+0000] {dag.py:2693} INFO - Sync 1 DAGs
[2023-03-17T23:35:45.734+0000] {logging_mixin.py:137} INFO - [2023-03-17T23:35:45.733+0000] {dag.py:3444} INFO - Setting next_dagrun for json_to_s3_dag to None, run_after=None
[2023-03-17T23:35:45.744+0000] {processor.py:175} INFO - Processing /opt/airflow/dags/get_teams.py took 0.160 seconds
[2023-03-17T23:36:16.242+0000] {processor.py:153} INFO - Started process (PID=2640) to work on /opt/airflow/dags/get_teams.py
[2023-03-17T23:36:16.244+0000] {processor.py:743} INFO - Processing file /opt/airflow/dags/get_teams.py for tasks to queue
[2023-03-17T23:36:16.246+0000] {logging_mixin.py:137} INFO - [2023-03-17T23:36:16.245+0000] {dagbag.py:532} INFO - Filling up the DagBag from /opt/airflow/dags/get_teams.py
[2023-03-17T23:36:16.363+0000] {processor.py:753} INFO - DAG(s) dict_keys(['json_to_s3_dag']) retrieved from /opt/airflow/dags/get_teams.py
[2023-03-17T23:36:16.387+0000] {logging_mixin.py:137} INFO - [2023-03-17T23:36:16.387+0000] {dag.py:2693} INFO - Sync 1 DAGs
[2023-03-17T23:36:16.415+0000] {logging_mixin.py:137} INFO - [2023-03-17T23:36:16.415+0000] {dag.py:3444} INFO - Setting next_dagrun for json_to_s3_dag to None, run_after=None
[2023-03-17T23:36:16.428+0000] {processor.py:175} INFO - Processing /opt/airflow/dags/get_teams.py took 0.193 seconds
[2023-03-17T23:36:46.839+0000] {processor.py:153} INFO - Started process (PID=2690) to work on /opt/airflow/dags/get_teams.py
[2023-03-17T23:36:46.842+0000] {processor.py:743} INFO - Processing file /opt/airflow/dags/get_teams.py for tasks to queue
[2023-03-17T23:36:46.843+0000] {logging_mixin.py:137} INFO - [2023-03-17T23:36:46.843+0000] {dagbag.py:532} INFO - Filling up the DagBag from /opt/airflow/dags/get_teams.py
[2023-03-17T23:36:46.933+0000] {processor.py:753} INFO - DAG(s) dict_keys(['json_to_s3_dag']) retrieved from /opt/airflow/dags/get_teams.py
[2023-03-17T23:36:46.950+0000] {logging_mixin.py:137} INFO - [2023-03-17T23:36:46.950+0000] {dag.py:2693} INFO - Sync 1 DAGs
[2023-03-17T23:36:46.964+0000] {logging_mixin.py:137} INFO - [2023-03-17T23:36:46.964+0000] {dag.py:3444} INFO - Setting next_dagrun for json_to_s3_dag to None, run_after=None
[2023-03-17T23:36:46.975+0000] {processor.py:175} INFO - Processing /opt/airflow/dags/get_teams.py took 0.141 seconds
[2023-03-17T23:37:17.438+0000] {processor.py:153} INFO - Started process (PID=2740) to work on /opt/airflow/dags/get_teams.py
[2023-03-17T23:37:17.441+0000] {processor.py:743} INFO - Processing file /opt/airflow/dags/get_teams.py for tasks to queue
[2023-03-17T23:37:17.443+0000] {logging_mixin.py:137} INFO - [2023-03-17T23:37:17.442+0000] {dagbag.py:532} INFO - Filling up the DagBag from /opt/airflow/dags/get_teams.py
[2023-03-17T23:37:17.551+0000] {processor.py:753} INFO - DAG(s) dict_keys(['json_to_s3_dag']) retrieved from /opt/airflow/dags/get_teams.py
[2023-03-17T23:37:17.572+0000] {logging_mixin.py:137} INFO - [2023-03-17T23:37:17.572+0000] {dag.py:2693} INFO - Sync 1 DAGs
[2023-03-17T23:37:17.591+0000] {logging_mixin.py:137} INFO - [2023-03-17T23:37:17.591+0000] {dag.py:3444} INFO - Setting next_dagrun for json_to_s3_dag to None, run_after=None
[2023-03-17T23:37:17.603+0000] {processor.py:175} INFO - Processing /opt/airflow/dags/get_teams.py took 0.171 seconds
[2023-03-17T23:37:48.088+0000] {processor.py:153} INFO - Started process (PID=2790) to work on /opt/airflow/dags/get_teams.py
[2023-03-17T23:37:48.092+0000] {processor.py:743} INFO - Processing file /opt/airflow/dags/get_teams.py for tasks to queue
[2023-03-17T23:37:48.093+0000] {logging_mixin.py:137} INFO - [2023-03-17T23:37:48.093+0000] {dagbag.py:532} INFO - Filling up the DagBag from /opt/airflow/dags/get_teams.py
[2023-03-17T23:37:48.204+0000] {processor.py:753} INFO - DAG(s) dict_keys(['json_to_s3_dag']) retrieved from /opt/airflow/dags/get_teams.py
[2023-03-17T23:37:48.229+0000] {logging_mixin.py:137} INFO - [2023-03-17T23:37:48.229+0000] {dag.py:2693} INFO - Sync 1 DAGs
[2023-03-17T23:37:48.249+0000] {logging_mixin.py:137} INFO - [2023-03-17T23:37:48.249+0000] {dag.py:3444} INFO - Setting next_dagrun for json_to_s3_dag to None, run_after=None
[2023-03-17T23:37:48.262+0000] {processor.py:175} INFO - Processing /opt/airflow/dags/get_teams.py took 0.180 seconds
[2023-03-17T23:38:18.569+0000] {processor.py:153} INFO - Started process (PID=2840) to work on /opt/airflow/dags/get_teams.py
[2023-03-17T23:38:18.571+0000] {processor.py:743} INFO - Processing file /opt/airflow/dags/get_teams.py for tasks to queue
[2023-03-17T23:38:18.573+0000] {logging_mixin.py:137} INFO - [2023-03-17T23:38:18.573+0000] {dagbag.py:532} INFO - Filling up the DagBag from /opt/airflow/dags/get_teams.py
[2023-03-17T23:38:18.676+0000] {processor.py:753} INFO - DAG(s) dict_keys(['json_to_s3_dag']) retrieved from /opt/airflow/dags/get_teams.py
[2023-03-17T23:38:18.699+0000] {logging_mixin.py:137} INFO - [2023-03-17T23:38:18.699+0000] {dag.py:2693} INFO - Sync 1 DAGs
[2023-03-17T23:38:18.717+0000] {logging_mixin.py:137} INFO - [2023-03-17T23:38:18.717+0000] {dag.py:3444} INFO - Setting next_dagrun for json_to_s3_dag to None, run_after=None
[2023-03-17T23:38:18.728+0000] {processor.py:175} INFO - Processing /opt/airflow/dags/get_teams.py took 0.167 seconds
[2023-03-17T23:38:49.106+0000] {processor.py:153} INFO - Started process (PID=2890) to work on /opt/airflow/dags/get_teams.py
[2023-03-17T23:38:49.109+0000] {processor.py:743} INFO - Processing file /opt/airflow/dags/get_teams.py for tasks to queue
[2023-03-17T23:38:49.110+0000] {logging_mixin.py:137} INFO - [2023-03-17T23:38:49.110+0000] {dagbag.py:532} INFO - Filling up the DagBag from /opt/airflow/dags/get_teams.py
[2023-03-17T23:38:49.235+0000] {processor.py:753} INFO - DAG(s) dict_keys(['json_to_s3_dag']) retrieved from /opt/airflow/dags/get_teams.py
[2023-03-17T23:38:49.260+0000] {logging_mixin.py:137} INFO - [2023-03-17T23:38:49.260+0000] {dag.py:2693} INFO - Sync 1 DAGs
[2023-03-17T23:38:49.280+0000] {logging_mixin.py:137} INFO - [2023-03-17T23:38:49.280+0000] {dag.py:3444} INFO - Setting next_dagrun for json_to_s3_dag to None, run_after=None
[2023-03-17T23:38:49.292+0000] {processor.py:175} INFO - Processing /opt/airflow/dags/get_teams.py took 0.193 seconds
[2023-03-17T23:39:19.522+0000] {processor.py:153} INFO - Started process (PID=2940) to work on /opt/airflow/dags/get_teams.py
[2023-03-17T23:39:19.525+0000] {processor.py:743} INFO - Processing file /opt/airflow/dags/get_teams.py for tasks to queue
[2023-03-17T23:39:19.526+0000] {logging_mixin.py:137} INFO - [2023-03-17T23:39:19.526+0000] {dagbag.py:532} INFO - Filling up the DagBag from /opt/airflow/dags/get_teams.py
[2023-03-17T23:39:19.619+0000] {processor.py:753} INFO - DAG(s) dict_keys(['json_to_s3_dag']) retrieved from /opt/airflow/dags/get_teams.py
[2023-03-17T23:39:19.640+0000] {logging_mixin.py:137} INFO - [2023-03-17T23:39:19.640+0000] {dag.py:2693} INFO - Sync 1 DAGs
[2023-03-17T23:39:19.655+0000] {logging_mixin.py:137} INFO - [2023-03-17T23:39:19.655+0000] {dag.py:3444} INFO - Setting next_dagrun for json_to_s3_dag to None, run_after=None
[2023-03-17T23:39:19.666+0000] {processor.py:175} INFO - Processing /opt/airflow/dags/get_teams.py took 0.152 seconds
[2023-03-17T23:39:50.322+0000] {processor.py:153} INFO - Started process (PID=2990) to work on /opt/airflow/dags/get_teams.py
[2023-03-17T23:39:50.327+0000] {processor.py:743} INFO - Processing file /opt/airflow/dags/get_teams.py for tasks to queue
[2023-03-17T23:39:50.330+0000] {logging_mixin.py:137} INFO - [2023-03-17T23:39:50.329+0000] {dagbag.py:532} INFO - Filling up the DagBag from /opt/airflow/dags/get_teams.py
[2023-03-17T23:39:50.447+0000] {processor.py:753} INFO - DAG(s) dict_keys(['json_to_s3_dag']) retrieved from /opt/airflow/dags/get_teams.py
[2023-03-17T23:39:50.479+0000] {logging_mixin.py:137} INFO - [2023-03-17T23:39:50.479+0000] {dag.py:2693} INFO - Sync 1 DAGs
[2023-03-17T23:39:50.507+0000] {logging_mixin.py:137} INFO - [2023-03-17T23:39:50.507+0000] {dag.py:3444} INFO - Setting next_dagrun for json_to_s3_dag to None, run_after=None
[2023-03-17T23:39:50.521+0000] {processor.py:175} INFO - Processing /opt/airflow/dags/get_teams.py took 0.206 seconds
[2023-03-17T23:40:20.595+0000] {processor.py:153} INFO - Started process (PID=3040) to work on /opt/airflow/dags/get_teams.py
[2023-03-17T23:40:20.597+0000] {processor.py:743} INFO - Processing file /opt/airflow/dags/get_teams.py for tasks to queue
[2023-03-17T23:40:20.599+0000] {logging_mixin.py:137} INFO - [2023-03-17T23:40:20.598+0000] {dagbag.py:532} INFO - Filling up the DagBag from /opt/airflow/dags/get_teams.py
[2023-03-17T23:40:20.702+0000] {processor.py:753} INFO - DAG(s) dict_keys(['json_to_s3_dag']) retrieved from /opt/airflow/dags/get_teams.py
[2023-03-17T23:40:20.724+0000] {logging_mixin.py:137} INFO - [2023-03-17T23:40:20.724+0000] {dag.py:2693} INFO - Sync 1 DAGs
[2023-03-17T23:40:20.741+0000] {logging_mixin.py:137} INFO - [2023-03-17T23:40:20.741+0000] {dag.py:3444} INFO - Setting next_dagrun for json_to_s3_dag to None, run_after=None
[2023-03-17T23:40:20.752+0000] {processor.py:175} INFO - Processing /opt/airflow/dags/get_teams.py took 0.163 seconds
[2023-03-17T23:40:51.008+0000] {processor.py:153} INFO - Started process (PID=3090) to work on /opt/airflow/dags/get_teams.py
[2023-03-17T23:40:51.009+0000] {processor.py:743} INFO - Processing file /opt/airflow/dags/get_teams.py for tasks to queue
[2023-03-17T23:40:51.010+0000] {logging_mixin.py:137} INFO - [2023-03-17T23:40:51.010+0000] {dagbag.py:532} INFO - Filling up the DagBag from /opt/airflow/dags/get_teams.py
[2023-03-17T23:40:51.093+0000] {processor.py:753} INFO - DAG(s) dict_keys(['json_to_s3_dag']) retrieved from /opt/airflow/dags/get_teams.py
[2023-03-17T23:40:51.111+0000] {logging_mixin.py:137} INFO - [2023-03-17T23:40:51.111+0000] {dag.py:2693} INFO - Sync 1 DAGs
[2023-03-17T23:40:51.127+0000] {logging_mixin.py:137} INFO - [2023-03-17T23:40:51.127+0000] {dag.py:3444} INFO - Setting next_dagrun for json_to_s3_dag to None, run_after=None
[2023-03-17T23:40:51.405+0000] {processor.py:175} INFO - Processing /opt/airflow/dags/get_teams.py took 0.401 seconds
[2023-03-17T23:41:22.375+0000] {processor.py:153} INFO - Started process (PID=3140) to work on /opt/airflow/dags/get_teams.py
[2023-03-17T23:41:22.380+0000] {processor.py:743} INFO - Processing file /opt/airflow/dags/get_teams.py for tasks to queue
[2023-03-17T23:41:22.381+0000] {logging_mixin.py:137} INFO - [2023-03-17T23:41:22.381+0000] {dagbag.py:532} INFO - Filling up the DagBag from /opt/airflow/dags/get_teams.py
[2023-03-17T23:41:22.500+0000] {processor.py:753} INFO - DAG(s) dict_keys(['json_to_s3_dag']) retrieved from /opt/airflow/dags/get_teams.py
[2023-03-17T23:41:22.525+0000] {logging_mixin.py:137} INFO - [2023-03-17T23:41:22.525+0000] {dag.py:2693} INFO - Sync 1 DAGs
[2023-03-17T23:41:22.544+0000] {logging_mixin.py:137} INFO - [2023-03-17T23:41:22.544+0000] {dag.py:3444} INFO - Setting next_dagrun for json_to_s3_dag to None, run_after=None
[2023-03-17T23:41:22.557+0000] {processor.py:175} INFO - Processing /opt/airflow/dags/get_teams.py took 0.190 seconds
[2023-03-17T23:41:52.951+0000] {processor.py:153} INFO - Started process (PID=3191) to work on /opt/airflow/dags/get_teams.py
[2023-03-17T23:41:52.953+0000] {processor.py:743} INFO - Processing file /opt/airflow/dags/get_teams.py for tasks to queue
[2023-03-17T23:41:52.955+0000] {logging_mixin.py:137} INFO - [2023-03-17T23:41:52.955+0000] {dagbag.py:532} INFO - Filling up the DagBag from /opt/airflow/dags/get_teams.py
[2023-03-17T23:41:53.056+0000] {processor.py:753} INFO - DAG(s) dict_keys(['json_to_s3_dag']) retrieved from /opt/airflow/dags/get_teams.py
[2023-03-17T23:41:53.076+0000] {logging_mixin.py:137} INFO - [2023-03-17T23:41:53.075+0000] {dag.py:2693} INFO - Sync 1 DAGs
[2023-03-17T23:41:53.090+0000] {logging_mixin.py:137} INFO - [2023-03-17T23:41:53.090+0000] {dag.py:3444} INFO - Setting next_dagrun for json_to_s3_dag to None, run_after=None
[2023-03-17T23:41:53.101+0000] {processor.py:175} INFO - Processing /opt/airflow/dags/get_teams.py took 0.155 seconds
[2023-03-17T23:42:23.957+0000] {processor.py:153} INFO - Started process (PID=3241) to work on /opt/airflow/dags/get_teams.py
[2023-03-17T23:42:23.962+0000] {processor.py:743} INFO - Processing file /opt/airflow/dags/get_teams.py for tasks to queue
[2023-03-17T23:42:23.964+0000] {logging_mixin.py:137} INFO - [2023-03-17T23:42:23.964+0000] {dagbag.py:532} INFO - Filling up the DagBag from /opt/airflow/dags/get_teams.py
[2023-03-17T23:42:24.079+0000] {processor.py:753} INFO - DAG(s) dict_keys(['json_to_s3_dag']) retrieved from /opt/airflow/dags/get_teams.py
[2023-03-17T23:42:24.098+0000] {logging_mixin.py:137} INFO - [2023-03-17T23:42:24.098+0000] {dag.py:2693} INFO - Sync 1 DAGs
[2023-03-17T23:42:24.115+0000] {logging_mixin.py:137} INFO - [2023-03-17T23:42:24.115+0000] {dag.py:3444} INFO - Setting next_dagrun for json_to_s3_dag to None, run_after=None
[2023-03-17T23:42:24.127+0000] {processor.py:175} INFO - Processing /opt/airflow/dags/get_teams.py took 0.176 seconds
[2023-03-17T23:42:54.661+0000] {processor.py:153} INFO - Started process (PID=3291) to work on /opt/airflow/dags/get_teams.py
[2023-03-17T23:42:54.663+0000] {processor.py:743} INFO - Processing file /opt/airflow/dags/get_teams.py for tasks to queue
[2023-03-17T23:42:54.664+0000] {logging_mixin.py:137} INFO - [2023-03-17T23:42:54.664+0000] {dagbag.py:532} INFO - Filling up the DagBag from /opt/airflow/dags/get_teams.py
[2023-03-17T23:42:54.789+0000] {processor.py:753} INFO - DAG(s) dict_keys(['json_to_s3_dag']) retrieved from /opt/airflow/dags/get_teams.py
[2023-03-17T23:42:54.812+0000] {logging_mixin.py:137} INFO - [2023-03-17T23:42:54.812+0000] {dag.py:2693} INFO - Sync 1 DAGs
[2023-03-17T23:42:54.837+0000] {logging_mixin.py:137} INFO - [2023-03-17T23:42:54.837+0000] {dag.py:3444} INFO - Setting next_dagrun for json_to_s3_dag to None, run_after=None
[2023-03-17T23:42:54.850+0000] {processor.py:175} INFO - Processing /opt/airflow/dags/get_teams.py took 0.194 seconds
[2023-03-17T23:43:25.714+0000] {processor.py:153} INFO - Started process (PID=3341) to work on /opt/airflow/dags/get_teams.py
[2023-03-17T23:43:25.717+0000] {processor.py:743} INFO - Processing file /opt/airflow/dags/get_teams.py for tasks to queue
[2023-03-17T23:43:25.718+0000] {logging_mixin.py:137} INFO - [2023-03-17T23:43:25.718+0000] {dagbag.py:532} INFO - Filling up the DagBag from /opt/airflow/dags/get_teams.py
[2023-03-17T23:43:25.847+0000] {processor.py:753} INFO - DAG(s) dict_keys(['json_to_s3_dag']) retrieved from /opt/airflow/dags/get_teams.py
[2023-03-17T23:43:25.879+0000] {logging_mixin.py:137} INFO - [2023-03-17T23:43:25.879+0000] {dag.py:2693} INFO - Sync 1 DAGs
[2023-03-17T23:43:25.900+0000] {logging_mixin.py:137} INFO - [2023-03-17T23:43:25.899+0000] {dag.py:3444} INFO - Setting next_dagrun for json_to_s3_dag to None, run_after=None
[2023-03-17T23:43:25.912+0000] {processor.py:175} INFO - Processing /opt/airflow/dags/get_teams.py took 0.210 seconds
[2023-03-17T23:43:56.112+0000] {processor.py:153} INFO - Started process (PID=3391) to work on /opt/airflow/dags/get_teams.py
[2023-03-17T23:43:56.114+0000] {processor.py:743} INFO - Processing file /opt/airflow/dags/get_teams.py for tasks to queue
[2023-03-17T23:43:56.116+0000] {logging_mixin.py:137} INFO - [2023-03-17T23:43:56.116+0000] {dagbag.py:532} INFO - Filling up the DagBag from /opt/airflow/dags/get_teams.py
[2023-03-17T23:43:56.218+0000] {processor.py:753} INFO - DAG(s) dict_keys(['json_to_s3_dag']) retrieved from /opt/airflow/dags/get_teams.py
[2023-03-17T23:43:56.242+0000] {logging_mixin.py:137} INFO - [2023-03-17T23:43:56.242+0000] {dag.py:2693} INFO - Sync 1 DAGs
[2023-03-17T23:43:56.259+0000] {logging_mixin.py:137} INFO - [2023-03-17T23:43:56.259+0000] {dag.py:3444} INFO - Setting next_dagrun for json_to_s3_dag to None, run_after=None
[2023-03-17T23:43:56.271+0000] {processor.py:175} INFO - Processing /opt/airflow/dags/get_teams.py took 0.166 seconds
[2023-03-17T23:44:26.564+0000] {processor.py:153} INFO - Started process (PID=3440) to work on /opt/airflow/dags/get_teams.py
[2023-03-17T23:44:26.566+0000] {processor.py:743} INFO - Processing file /opt/airflow/dags/get_teams.py for tasks to queue
[2023-03-17T23:44:26.568+0000] {logging_mixin.py:137} INFO - [2023-03-17T23:44:26.567+0000] {dagbag.py:532} INFO - Filling up the DagBag from /opt/airflow/dags/get_teams.py
[2023-03-17T23:44:26.676+0000] {processor.py:753} INFO - DAG(s) dict_keys(['json_to_s3_dag']) retrieved from /opt/airflow/dags/get_teams.py
[2023-03-17T23:44:26.698+0000] {logging_mixin.py:137} INFO - [2023-03-17T23:44:26.698+0000] {dag.py:2693} INFO - Sync 1 DAGs
[2023-03-17T23:44:26.716+0000] {logging_mixin.py:137} INFO - [2023-03-17T23:44:26.716+0000] {dag.py:3444} INFO - Setting next_dagrun for json_to_s3_dag to None, run_after=None
[2023-03-17T23:44:26.729+0000] {processor.py:175} INFO - Processing /opt/airflow/dags/get_teams.py took 0.171 seconds
[2023-03-17T23:44:57.000+0000] {processor.py:153} INFO - Started process (PID=3490) to work on /opt/airflow/dags/get_teams.py
[2023-03-17T23:44:57.004+0000] {processor.py:743} INFO - Processing file /opt/airflow/dags/get_teams.py for tasks to queue
[2023-03-17T23:44:57.005+0000] {logging_mixin.py:137} INFO - [2023-03-17T23:44:57.005+0000] {dagbag.py:532} INFO - Filling up the DagBag from /opt/airflow/dags/get_teams.py
[2023-03-17T23:44:57.101+0000] {processor.py:753} INFO - DAG(s) dict_keys(['json_to_s3_dag']) retrieved from /opt/airflow/dags/get_teams.py
[2023-03-17T23:44:57.123+0000] {logging_mixin.py:137} INFO - [2023-03-17T23:44:57.122+0000] {dag.py:2693} INFO - Sync 1 DAGs
[2023-03-17T23:44:57.140+0000] {logging_mixin.py:137} INFO - [2023-03-17T23:44:57.140+0000] {dag.py:3444} INFO - Setting next_dagrun for json_to_s3_dag to None, run_after=None
[2023-03-17T23:44:57.152+0000] {processor.py:175} INFO - Processing /opt/airflow/dags/get_teams.py took 0.157 seconds
[2023-03-17T23:45:27.561+0000] {processor.py:153} INFO - Started process (PID=3540) to work on /opt/airflow/dags/get_teams.py
[2023-03-17T23:45:27.564+0000] {processor.py:743} INFO - Processing file /opt/airflow/dags/get_teams.py for tasks to queue
[2023-03-17T23:45:27.566+0000] {logging_mixin.py:137} INFO - [2023-03-17T23:45:27.565+0000] {dagbag.py:532} INFO - Filling up the DagBag from /opt/airflow/dags/get_teams.py
[2023-03-17T23:45:27.666+0000] {processor.py:753} INFO - DAG(s) dict_keys(['json_to_s3_dag']) retrieved from /opt/airflow/dags/get_teams.py
[2023-03-17T23:45:27.694+0000] {logging_mixin.py:137} INFO - [2023-03-17T23:45:27.694+0000] {dag.py:2693} INFO - Sync 1 DAGs
[2023-03-17T23:45:27.723+0000] {logging_mixin.py:137} INFO - [2023-03-17T23:45:27.723+0000] {dag.py:3444} INFO - Setting next_dagrun for json_to_s3_dag to None, run_after=None
[2023-03-17T23:45:27.735+0000] {processor.py:175} INFO - Processing /opt/airflow/dags/get_teams.py took 0.182 seconds
[2023-03-17T23:45:58.096+0000] {processor.py:153} INFO - Started process (PID=3590) to work on /opt/airflow/dags/get_teams.py
[2023-03-17T23:45:58.098+0000] {processor.py:743} INFO - Processing file /opt/airflow/dags/get_teams.py for tasks to queue
[2023-03-17T23:45:58.100+0000] {logging_mixin.py:137} INFO - [2023-03-17T23:45:58.100+0000] {dagbag.py:532} INFO - Filling up the DagBag from /opt/airflow/dags/get_teams.py
[2023-03-17T23:45:58.206+0000] {processor.py:753} INFO - DAG(s) dict_keys(['json_to_s3_dag']) retrieved from /opt/airflow/dags/get_teams.py
[2023-03-17T23:45:58.232+0000] {logging_mixin.py:137} INFO - [2023-03-17T23:45:58.232+0000] {dag.py:2693} INFO - Sync 1 DAGs
[2023-03-17T23:45:58.250+0000] {logging_mixin.py:137} INFO - [2023-03-17T23:45:58.250+0000] {dag.py:3444} INFO - Setting next_dagrun for json_to_s3_dag to None, run_after=None
[2023-03-17T23:45:58.261+0000] {processor.py:175} INFO - Processing /opt/airflow/dags/get_teams.py took 0.172 seconds
[2023-03-17T23:46:28.665+0000] {processor.py:153} INFO - Started process (PID=3640) to work on /opt/airflow/dags/get_teams.py
[2023-03-17T23:46:28.667+0000] {processor.py:743} INFO - Processing file /opt/airflow/dags/get_teams.py for tasks to queue
[2023-03-17T23:46:28.669+0000] {logging_mixin.py:137} INFO - [2023-03-17T23:46:28.669+0000] {dagbag.py:532} INFO - Filling up the DagBag from /opt/airflow/dags/get_teams.py
[2023-03-17T23:46:28.767+0000] {processor.py:753} INFO - DAG(s) dict_keys(['json_to_s3_dag']) retrieved from /opt/airflow/dags/get_teams.py
[2023-03-17T23:46:28.793+0000] {logging_mixin.py:137} INFO - [2023-03-17T23:46:28.793+0000] {dag.py:2693} INFO - Sync 1 DAGs
[2023-03-17T23:46:28.810+0000] {logging_mixin.py:137} INFO - [2023-03-17T23:46:28.810+0000] {dag.py:3444} INFO - Setting next_dagrun for json_to_s3_dag to None, run_after=None
[2023-03-17T23:46:28.821+0000] {processor.py:175} INFO - Processing /opt/airflow/dags/get_teams.py took 0.175 seconds
[2023-03-17T23:46:59.122+0000] {processor.py:153} INFO - Started process (PID=3691) to work on /opt/airflow/dags/get_teams.py
[2023-03-17T23:46:59.125+0000] {processor.py:743} INFO - Processing file /opt/airflow/dags/get_teams.py for tasks to queue
[2023-03-17T23:46:59.126+0000] {logging_mixin.py:137} INFO - [2023-03-17T23:46:59.126+0000] {dagbag.py:532} INFO - Filling up the DagBag from /opt/airflow/dags/get_teams.py
[2023-03-17T23:46:59.221+0000] {processor.py:753} INFO - DAG(s) dict_keys(['json_to_s3_dag']) retrieved from /opt/airflow/dags/get_teams.py
[2023-03-17T23:46:59.256+0000] {logging_mixin.py:137} INFO - [2023-03-17T23:46:59.256+0000] {dag.py:2693} INFO - Sync 1 DAGs
[2023-03-17T23:46:59.283+0000] {logging_mixin.py:137} INFO - [2023-03-17T23:46:59.283+0000] {dag.py:3444} INFO - Setting next_dagrun for json_to_s3_dag to None, run_after=None
[2023-03-17T23:46:59.317+0000] {processor.py:175} INFO - Processing /opt/airflow/dags/get_teams.py took 0.210 seconds
[2023-03-17T23:47:29.833+0000] {processor.py:153} INFO - Started process (PID=3741) to work on /opt/airflow/dags/get_teams.py
[2023-03-17T23:47:29.835+0000] {processor.py:743} INFO - Processing file /opt/airflow/dags/get_teams.py for tasks to queue
[2023-03-17T23:47:29.836+0000] {logging_mixin.py:137} INFO - [2023-03-17T23:47:29.836+0000] {dagbag.py:532} INFO - Filling up the DagBag from /opt/airflow/dags/get_teams.py
[2023-03-17T23:47:29.991+0000] {processor.py:753} INFO - DAG(s) dict_keys(['json_to_s3_dag']) retrieved from /opt/airflow/dags/get_teams.py
[2023-03-17T23:47:30.022+0000] {logging_mixin.py:137} INFO - [2023-03-17T23:47:30.022+0000] {dag.py:2693} INFO - Sync 1 DAGs
[2023-03-17T23:47:30.049+0000] {logging_mixin.py:137} INFO - [2023-03-17T23:47:30.049+0000] {dag.py:3444} INFO - Setting next_dagrun for json_to_s3_dag to None, run_after=None
[2023-03-17T23:47:30.067+0000] {processor.py:175} INFO - Processing /opt/airflow/dags/get_teams.py took 0.244 seconds
[2023-03-17T23:48:00.188+0000] {processor.py:153} INFO - Started process (PID=3791) to work on /opt/airflow/dags/get_teams.py
[2023-03-17T23:48:00.191+0000] {processor.py:743} INFO - Processing file /opt/airflow/dags/get_teams.py for tasks to queue
[2023-03-17T23:48:00.192+0000] {logging_mixin.py:137} INFO - [2023-03-17T23:48:00.192+0000] {dagbag.py:532} INFO - Filling up the DagBag from /opt/airflow/dags/get_teams.py
[2023-03-17T23:48:00.318+0000] {processor.py:753} INFO - DAG(s) dict_keys(['json_to_s3_dag']) retrieved from /opt/airflow/dags/get_teams.py
[2023-03-17T23:48:00.344+0000] {logging_mixin.py:137} INFO - [2023-03-17T23:48:00.344+0000] {dag.py:2693} INFO - Sync 1 DAGs
[2023-03-17T23:48:00.368+0000] {logging_mixin.py:137} INFO - [2023-03-17T23:48:00.368+0000] {dag.py:3444} INFO - Setting next_dagrun for json_to_s3_dag to None, run_after=None
[2023-03-17T23:48:00.380+0000] {processor.py:175} INFO - Processing /opt/airflow/dags/get_teams.py took 0.199 seconds
[2023-03-17T23:48:30.726+0000] {processor.py:153} INFO - Started process (PID=3841) to work on /opt/airflow/dags/get_teams.py
[2023-03-17T23:48:30.728+0000] {processor.py:743} INFO - Processing file /opt/airflow/dags/get_teams.py for tasks to queue
[2023-03-17T23:48:30.729+0000] {logging_mixin.py:137} INFO - [2023-03-17T23:48:30.729+0000] {dagbag.py:532} INFO - Filling up the DagBag from /opt/airflow/dags/get_teams.py
[2023-03-17T23:48:30.825+0000] {processor.py:753} INFO - DAG(s) dict_keys(['json_to_s3_dag']) retrieved from /opt/airflow/dags/get_teams.py
[2023-03-17T23:48:30.852+0000] {logging_mixin.py:137} INFO - [2023-03-17T23:48:30.852+0000] {dag.py:2693} INFO - Sync 1 DAGs
[2023-03-17T23:48:30.874+0000] {logging_mixin.py:137} INFO - [2023-03-17T23:48:30.874+0000] {dag.py:3444} INFO - Setting next_dagrun for json_to_s3_dag to None, run_after=None
[2023-03-17T23:48:30.885+0000] {processor.py:175} INFO - Processing /opt/airflow/dags/get_teams.py took 0.166 seconds
[2023-03-17T23:49:01.353+0000] {processor.py:153} INFO - Started process (PID=3891) to work on /opt/airflow/dags/get_teams.py
[2023-03-17T23:49:01.355+0000] {processor.py:743} INFO - Processing file /opt/airflow/dags/get_teams.py for tasks to queue
[2023-03-17T23:49:01.357+0000] {logging_mixin.py:137} INFO - [2023-03-17T23:49:01.357+0000] {dagbag.py:532} INFO - Filling up the DagBag from /opt/airflow/dags/get_teams.py
[2023-03-17T23:49:01.462+0000] {processor.py:753} INFO - DAG(s) dict_keys(['json_to_s3_dag']) retrieved from /opt/airflow/dags/get_teams.py
[2023-03-17T23:49:01.495+0000] {logging_mixin.py:137} INFO - [2023-03-17T23:49:01.495+0000] {dag.py:2693} INFO - Sync 1 DAGs
[2023-03-17T23:49:01.515+0000] {logging_mixin.py:137} INFO - [2023-03-17T23:49:01.515+0000] {dag.py:3444} INFO - Setting next_dagrun for json_to_s3_dag to None, run_after=None
[2023-03-17T23:49:01.527+0000] {processor.py:175} INFO - Processing /opt/airflow/dags/get_teams.py took 0.182 seconds
[2023-03-17T23:49:31.826+0000] {processor.py:153} INFO - Started process (PID=3942) to work on /opt/airflow/dags/get_teams.py
[2023-03-17T23:49:31.829+0000] {processor.py:743} INFO - Processing file /opt/airflow/dags/get_teams.py for tasks to queue
[2023-03-17T23:49:31.831+0000] {logging_mixin.py:137} INFO - [2023-03-17T23:49:31.831+0000] {dagbag.py:532} INFO - Filling up the DagBag from /opt/airflow/dags/get_teams.py
[2023-03-17T23:49:31.933+0000] {processor.py:753} INFO - DAG(s) dict_keys(['json_to_s3_dag']) retrieved from /opt/airflow/dags/get_teams.py
[2023-03-17T23:49:31.954+0000] {logging_mixin.py:137} INFO - [2023-03-17T23:49:31.954+0000] {dag.py:2693} INFO - Sync 1 DAGs
[2023-03-17T23:49:31.972+0000] {logging_mixin.py:137} INFO - [2023-03-17T23:49:31.972+0000] {dag.py:3444} INFO - Setting next_dagrun for json_to_s3_dag to None, run_after=None
[2023-03-17T23:49:31.984+0000] {processor.py:175} INFO - Processing /opt/airflow/dags/get_teams.py took 0.165 seconds
[2023-03-17T23:59:17.686+0000] {processor.py:153} INFO - Started process (PID=35) to work on /opt/airflow/dags/get_teams.py
[2023-03-17T23:59:17.692+0000] {processor.py:743} INFO - Processing file /opt/airflow/dags/get_teams.py for tasks to queue
[2023-03-17T23:59:17.694+0000] {logging_mixin.py:137} INFO - [2023-03-17T23:59:17.694+0000] {dagbag.py:532} INFO - Filling up the DagBag from /opt/airflow/dags/get_teams.py
[2023-03-17T23:59:18.014+0000] {processor.py:753} INFO - DAG(s) dict_keys(['json_to_s3_dag']) retrieved from /opt/airflow/dags/get_teams.py
[2023-03-17T23:59:18.077+0000] {logging_mixin.py:137} INFO - [2023-03-17T23:59:18.077+0000] {dag.py:2693} INFO - Sync 1 DAGs
[2023-03-17T23:59:18.101+0000] {logging_mixin.py:137} INFO - [2023-03-17T23:59:18.101+0000] {dag.py:3444} INFO - Setting next_dagrun for json_to_s3_dag to None, run_after=None
[2023-03-17T23:59:18.130+0000] {processor.py:175} INFO - Processing /opt/airflow/dags/get_teams.py took 0.460 seconds
[2023-03-17T23:59:48.207+0000] {processor.py:153} INFO - Started process (PID=87) to work on /opt/airflow/dags/get_teams.py
[2023-03-17T23:59:48.209+0000] {processor.py:743} INFO - Processing file /opt/airflow/dags/get_teams.py for tasks to queue
[2023-03-17T23:59:48.210+0000] {logging_mixin.py:137} INFO - [2023-03-17T23:59:48.210+0000] {dagbag.py:532} INFO - Filling up the DagBag from /opt/airflow/dags/get_teams.py
[2023-03-17T23:59:48.344+0000] {processor.py:753} INFO - DAG(s) dict_keys(['json_to_s3_dag']) retrieved from /opt/airflow/dags/get_teams.py
[2023-03-17T23:59:48.363+0000] {logging_mixin.py:137} INFO - [2023-03-17T23:59:48.363+0000] {dag.py:2693} INFO - Sync 1 DAGs
[2023-03-17T23:59:48.387+0000] {logging_mixin.py:137} INFO - [2023-03-17T23:59:48.387+0000] {dag.py:3444} INFO - Setting next_dagrun for json_to_s3_dag to None, run_after=None
[2023-03-17T23:59:48.398+0000] {processor.py:175} INFO - Processing /opt/airflow/dags/get_teams.py took 0.194 seconds
